C251 COMPILER V5.60.0,  bluebooth                                                          07/10/22  19:46:42  PAGE 1   


C251 COMPILER V5.60.0, COMPILATION OF MODULE bluebooth
OBJECT MODULE PLACED IN .\Out_File\bluebooth.obj
COMPILER INVOKED BY: D:\Keil_v5\C251\BIN\C251.EXE bluebooth.c XSMALL INTR2 WARNINGLEVEL(3) BROWSE INCDIR(..\..\Libraries
                    -\libraries;..\..\Libraries\seekfree_libraries;..\..\Libraries\seekfree_peripheral;..\CODE;..\USER\inc;..\USER\src) DEBUG
                    - PRINT(.\Out_File\bluebooth.lst) TABS(2) OBJECT(.\Out_File\bluebooth.obj) 

stmt  level    source

    1          #include "headfile.h"
    2          #include "bluebooth.h"
    3          
    4          int get_data = 0;  // 接受手机发送的状态
    5          
    6          void get_blue_data();


Module Information          Static   Overlayable
------------------------------------------------
  code size            =    ------     ------
  ecode size           =    ------     ------
  data size            =    ------     ------
  idata size           =    ------     ------
  pdata size           =    ------     ------
  xdata size           =    ------     ------
  xdata-const size     =    ------     ------
  edata size           =         2     ------
  bit size             =    ------     ------
  ebit size            =    ------     ------
  bitaddressable size  =    ------     ------
  ebitaddressable size =    ------     ------
  far data size        =    ------     ------
  huge data size       =    ------     ------
  const size           =    ------     ------
  hconst size          =         6     ------
End of Module Information.


C251 COMPILATION COMPLETE.  0 WARNING(S),  0 ERROR(S)
