C251 COMPILER V5.60.0,  buzzer                                                             07/10/22  19:46:40  PAGE 1   


C251 COMPILER V5.60.0, COMPILATION OF MODULE buzzer
OBJECT MODULE PLACED IN .\Out_File\buzzer.obj
COMPILER INVOKED BY: D:\Keil_v5\C251\BIN\C251.EXE buzzer.c XSMALL INTR2 WARNINGLEVEL(3) BROWSE INCDIR(..\..\Libraries\li
                    -braries;..\..\Libraries\seekfree_libraries;..\..\Libraries\seekfree_peripheral;..\CODE;..\USER\inc;..\USER\src) DEBUG PR
                    -INT(.\Out_File\buzzer.lst) TABS(2) OBJECT(.\Out_File\buzzer.obj) 

stmt  level    source

    1          #include "headfile.h"
    2          #include "buzzer.h"
    3          
    4          #define true 0
    5          #define false 1
    6          void buzzer(int res)
    7          {
    8   1        P77 = res;
    9   1      }
   10          


Module Information          Static   Overlayable
------------------------------------------------
  code size            =         7     ------
  ecode size           =    ------     ------
  data size            =    ------     ------
  idata size           =    ------     ------
  pdata size           =    ------     ------
  xdata size           =    ------     ------
  xdata-const size     =    ------     ------
  edata size           =    ------     ------
  bit size             =    ------     ------
  ebit size            =    ------     ------
  bitaddressable size  =    ------     ------
  ebitaddressable size =    ------     ------
  far data size        =    ------     ------
  huge data size       =    ------     ------
  const size           =    ------     ------
  hconst size          =    ------     ------
End of Module Information.


C251 COMPILATION COMPLETE.  0 WARNING(S),  0 ERROR(S)
