C251 COMPILER V5.60.0,  main                                                               07/10/22  19:46:40  PAGE 1   


C251 COMPILER V5.60.0, COMPILATION OF MODULE main
OBJECT MODULE PLACED IN .\Out_File\main.obj
COMPILER INVOKED BY: D:\Keil_v5\C251\BIN\C251.EXE ..\USER\src\main.c XSMALL INTR2 WARNINGLEVEL(3) BROWSE INCDIR(..\..\Li
                    -braries\libraries;..\..\Libraries\seekfree_libraries;..\..\Libraries\seekfree_peripheral;..\CODE;..\USER\inc;..\USER\src
                    -) DEBUG PRINT(.\Out_File\main.lst) TABS(2) OBJECT(.\Out_File\main.obj) 

stmt  level    source

    1          /********************************************************************************************************
             -*************
    2           * COPYRIGHT NOTICE
    3           * Copyright (c) 2020,逐飞科技
    4           * All rights reserved.
    5           * 技术讨论QQ群：一群：179029047(已满)  二群：244861897(已满)  三群：824575535
    6           *
    7           * 以下所有内容版权均属逐飞科技所有，未经允许不得用于商业用途，
    8           * 欢迎各位使用并传播本程序，修改内容时必须保留逐飞科技的版权声明。
    9           *
   10           * @file          main
   11           * @company       成都逐飞科技有限公司
   12           * @author        逐飞科技(QQ790875685)
   13           * @version       查看doc内version文件 版本说明
   14           * @Software    MDK FOR C251 V5.60
   15           * @Target core   STC16F40K128
   16           * @Taobao      https://seekfree.taobao.com/
   17           * @date          2020-12-18
   18           ********************************************************************************************************
             -************/
   19          
   20          #include "headfile.h"
   21          
   22          /*
   23           *关于内核频率的设定，可以查看board.h文件
   24           *在board_init中,已经将P54引脚设置为复位
   25           *如果需要使用P54引脚,可以在board.c文件中的board_init()函数中删除SET_P54_RESRT即可
   26           */
   27           
   28          void all_init();
   29          void buzzerInit();
   30          void dataInit();
   31          void show();
   32          void main()
   33          {
   34   1        
   35   1        DisableGlobalIRQ(); //关闭总中断  
   36   1          //sys_clk可选值:30000000, 27000000. 24000000, 22118400, 20000000, 18432000, 12000000, 11059200, 60000
             -00, 5529600。
   37   1          //设置系统频率，此频率需要跟STC-ISP软件中的 <输入用户程序运行的IRC频率>选项的频率一致。
   38   1          //如果频率设置不对，将会导致串口的数据不正常,PWM的工作不正常等等。
   39   1        sys_clk = 30000000;     //设置系统频率为30MHz
   40   1        board_init(); 
   41   1        all_init();   // 所有函数初始化
   42   1        buzzerInit(); // 蜂鸣器初始化
   43   1        dataInit(); //数据初始化
   44   1        seekfree_wireless_init();  //手机发送使用
   45   1        pit_timer_ms(TIM_4,5);        //使用TIMER作为周期中断，时间5ms一次
   46   1        EnableGlobalIRQ();  //开启总中断、
   47   1        
   48   1        while(1)
   49   1        {
   50   2        
   51   2      //    show(); //液晶显示的数据
   52   2      //    
   53   2      //    data_conversion(sum_angle,maichong,place,w_angle,virtual_scope_data);
   54   2      
C251 COMPILER V5.60.0,  main                                                               07/10/22  19:46:40  PAGE 2   

   55   2      //    uart_putbuff(UART_4,virtual_scope_data,10);   
   56   2      
   57   2            // 左轮
   58   2            pwm_duty(PWMA_CH3P_P64, 3000);
   59   2      
   60   2            pwm_duty(PWMA_CH4P_P66, 0);
   61   2            
   62   2            // 右轮
   63   2            pwm_duty(PWMA_CH1P_P60, 0);
   64   2      
   65   2            pwm_duty(PWMA_CH2P_P62, 3000);
   66   2            
   67   2            
   68   2      
   69   2        
   70   2          
   71   2        }   
   72   1      }
   73          
   74          void all_init()
   75          {
   76   1        uart_init(UART_4, UART4_RX_P02, UART4_TX_P03, 115200, TIM_2);
   77   1        pwm_init(PWMA_CH1P_P60, 17000, 0);     //初始化PWM5  使用引脚P2.5  输出PWM频率17000HZ   占空比为百分之 p
             -wm_duty / PWM_DUTY_MAX * 100
   78   1        pwm_init(PWMA_CH2P_P62, 17000, 0);
   79   1        pwm_init(PWMA_CH3P_P64, 17000, 0);     //初始化PWM5  使用引脚P2.5  输出PWM频率17000HZ   占空比为百分之 p
             -wm_duty / PWM_DUTY_MAX * 100
   80   1        pwm_init(PWMA_CH4P_P66, 17000, 0);
   81   1        ips114_init(); //液晶初始化
   82   1        pwm_init(PWMB_CH1_P74,50,mid); //舵机初始化  480
   83   1        ctimer_count_init(CTIM0_P34); //编码器初始化
   84   1        ctimer_count_init(CTIM3_P04); // 编码器初始化
   85   1        gpio_mode(P7_7,GPO_PP); //蜂鸣器初始化
   86   1        
   87   1        //拨码开关
   88   1        gpio_mode(P7_0,GPIO); 
   89   1        gpio_mode(P7_1,GPIO); 
   90   1        gpio_mode(P7_2,GPIO); 
   91   1        gpio_mode(P7_3,GPIO); 
   92   1        
   93   1        // 干簧管停车
   94   1        gpio_mode(P2_6,GPIO); 
   95   1      
   96   1        adc_init(ADC_P00,ADC_SYSclk_DIV_2);
   97   1        adc_init(ADC_P01,ADC_SYSclk_DIV_2);
   98   1        adc_init(ADC_P05,ADC_SYSclk_DIV_2);
   99   1        adc_init(ADC_P06,ADC_SYSclk_DIV_2);
  100   1        adc_init(ADC_P10,ADC_SYSclk_DIV_2);
  101   1        adc_init(ADC_P11,ADC_SYSclk_DIV_2);
  102   1        adc_init(ADC_P13,ADC_SYSclk_DIV_2);
  103   1        adc_init(ADC_P14,ADC_SYSclk_DIV_2);
  104   1        adc_init(ADC_P15,ADC_SYSclk_DIV_2);
  105   1        adc_init(ADC_P16,ADC_SYSclk_DIV_2);
  106   1        icm20602_init_simspi(); // 陀螺仪初始化
  107   1      }
  108          
  109          void buzzerInit()
  110          {
  111   1        P77 = 0;
  112   1      }
  113          
  114          void dataInit()
  115          {
  116   1        sum_angle = 0;
  117   1      }
  118          
C251 COMPILER V5.60.0,  main                                                               07/10/22  19:46:40  PAGE 3   

  119          void show() 
  120          {
  121   1      
  122   1          ips114_showuint8(0,0,(int)ad[0]); // 左电感
  123   1          ips114_showuint8(40,0,(int)ad[1]); // 右电感
  124   1          ips114_showuint8(80,0,(int)ad[2]); // 左竖直电感
  125   1          ips114_showuint8(120,0,(int)ad[3]); // 右竖直电感
  126   1          ips114_showuint8(160,0,(int)ad[4]); // 左电感
  127   1          ips114_showuint8(0,1,(int)ad[5]); // 右电感
  128   1          ips114_showuint8(40,1,(int)ad[6]); //  中间电感 
  129   1          ips114_showuint8(80,1,(int)ad[7]); // 左电感
  130   1          ips114_showuint8(120,1,(int)ad[8]); // 右电感
  131   1          ips114_showuint8(160,1,(int)ad[9]); //  中间电感 
  132   1      
  133   1          ips114_showstr(0,2,"ch");
  134   1      //    ips114_showint16(50,2,cha1);
  135   1          ips114_showfloat(50,2,cha1,3,2);
  136   1          ips114_showstr(100,2,"cha");
  137   1          ips114_showfloat(150,2,cha2,3,2);
  138   1          ips114_showstr(0,3,"all_L");
  139   1          ips114_showint16(50,3,all_speed_L); 
  140   1          ips114_showstr(100,3,"z");
  141   1          ips114_showint16(150,3,sum_angle);
  142   1      
  143   1          ips114_showstr(0,4,"soon");
  144   1          ips114_showint8(50,4,soon_leave); 
*** WARNING C188 IN LINE 144 OF ..\USER\src\main.c: 'parameter 3': value truncated
  145   1          ips114_showstr(100,4,"open");
  146   1          ips114_showint8(150,4,open); 
*** WARNING C188 IN LINE 146 OF ..\USER\src\main.c: 'parameter 3': value truncated
  147   1          
  148   1          ips114_showstr(0,5,"duty");
  149   1          ips114_showuint16(50,5,duty_);
  150   1          
  151   1          ips114_showstr(100,5,"error");
  152   1          ips114_showfloat(150,5,s_error,3,2);
  153   1          
  154   1          ips114_showstr(0,6,"p");
  155   1          ips114_showfloat(50,6,p,2,3);
  156   1          
  157   1          ips114_showstr(100,6,"d");
  158   1          ips114_showfloat(150,6,d,2,3);
  159   1          
  160   1          ips114_showstr(0,7,"cir");
  161   1          ips114_showint8(50,7,cir_sancha);
*** WARNING C188 IN LINE 161 OF ..\USER\src\main.c: 'parameter 3': value truncated
  162   1          
  163   1          ips114_showstr(100,7,"SUM");
  164   1          ips114_showint16(150,7,circle_count);
  165   1      
  166   1      }


Module Information          Static   Overlayable
------------------------------------------------
  code size            =      1106     ------
  ecode size           =    ------     ------
  data size            =    ------     ------
  idata size           =    ------     ------
  pdata size           =    ------     ------
  xdata size           =    ------     ------
  xdata-const size     =    ------     ------
  edata size           =    ------     ------
  bit size             =    ------     ------
  ebit size            =    ------     ------
  bitaddressable size  =    ------     ------
  ebitaddressable size =    ------     ------
C251 COMPILER V5.60.0,  main                                                               07/10/22  19:46:40  PAGE 4   

  far data size        =    ------     ------
  huge data size       =    ------     ------
  const size           =    ------     ------
  hconst size          =        48     ------
End of Module Information.


C251 COMPILATION COMPLETE.  3 WARNING(S),  0 ERROR(S)
