C251 COMPILER V5.60.0,  switch                                                             07/10/22  19:46:42  PAGE 1   


C251 COMPILER V5.60.0, COMPILATION OF MODULE switch
OBJECT MODULE PLACED IN .\Out_File\switch.obj
COMPILER INVOKED BY: D:\Keil_v5\C251\BIN\C251.EXE switch.c XSMALL INTR2 WARNINGLEVEL(3) BROWSE INCDIR(..\..\Libraries\li
                    -braries;..\..\Libraries\seekfree_libraries;..\..\Libraries\seekfree_peripheral;..\CODE;..\USER\inc;..\USER\src) DEBUG PR
                    -INT(.\Out_File\switch.lst) TABS(2) OBJECT(.\Out_File\switch.obj) 

stmt  level    source

    1          #include "headfile.h"
    2          #include "switch.h"
    3          
    4          int Dial_Switch[4] = {0};
    5          
    6          #define only_left 1
    7          #define only_right 2
    8          #define not_open_cir 3
    9          #define all_open 4
   10          
   11          int state = 4;
   12          
   13          void Dial();
   14          
   15          void Dial()
   16          {
   17   1          if(P70 == 0 && P71 == 0 && P72 == 0 && P73 == 0)
   18   1          {
   19   2               if(cnt_fork==2)
   20   2               
   21   2               enter_forks_speed = 65;
   22   2               
   23   2               if(cnt_fork == 1)
   24   2               
   25   2               enter_forks_speed = 68;
   26   2               
   27   2               in_left_speed = 76;
   28   2      
   29   2               in_right_speed = 76;
   30   2      
   31   2               in_normall_speed = 76;
   32   2      
   33   2               in_cir_speed = 76;
   34   2          }
   35   1      
   36   1          else if(P70 == 0 && P71 == 0 && P72 == 0 && P73 == 1)
   37   1          {
   38   2               if(cnt_fork==2)
   39   2               
   40   2               enter_forks_speed =70;
   41   2               
   42   2               if(cnt_fork == 1)
   43   2               
   44   2               enter_forks_speed = 70;
   45   2               
   46   2               in_left_speed = 77;
   47   2      
   48   2               in_right_speed = 80;
   49   2      
   50   2               in_normall_speed = 78;
   51   2      
   52   2               in_cir_speed = 78;
   53   2          }
   54   1      
   55   1          else if(P70 == 0 && P71 == 0 && P72 == 1 && P73 == 0)
   56   1          {
   57   2               if(cnt_fork==2)
C251 COMPILER V5.60.0,  switch                                                             07/10/22  19:46:42  PAGE 2   

   58   2               
   59   2               enter_forks_speed = 67;
   60   2               
   61   2               if(cnt_fork == 1)
   62   2               
   63   2               enter_forks_speed = 60;
   64   2               
   65   2               in_left_speed = 76;
   66   2      
   67   2               in_right_speed = 81;
   68   2      
   69   2               in_normall_speed = 79;
   70   2      
   71   2               in_cir_speed = 78;
   72   2          }
   73   1      
   74   1          else if(P70 == 0 && P71 == 1 && P72 == 0 && P73 == 0)
   75   1          {
   76   2               if(cnt_fork==2)
   77   2               
   78   2               enter_forks_speed = 65;
   79   2               
   80   2               if(cnt_fork == 1)
   81   2               
   82   2               enter_forks_speed = 68;
   83   2               
   84   2               in_left_speed = 76;
   85   2      
   86   2               in_right_speed = 77;
   87   2      
   88   2               in_normall_speed = 77;
   89   2      
   90   2               in_cir_speed = 77;
   91   2          }
   92   1          
   93   1          else if(P70 == 1 && P71 == 0 && P72 == 0 && P73 == 0)
   94   1          {
   95   2               if(cnt_fork==2)
   96   2               
   97   2               enter_forks_speed = 65;
   98   2               
   99   2                if(cnt_fork == 1)
  100   2               
  101   2                enter_forks_speed = 65;
  102   2               
  103   2               in_left_speed = 68;
  104   2      
  105   2               in_right_speed = 68;
  106   2      
  107   2               in_normall_speed = 68;
  108   2      
  109   2               in_cir_speed = 68;
  110   2          }
  111   1          
  112   1          else if(P70 == 0 && P71 == 0 && P72 == 1 && P73 == 1)
  113   1          {
  114   2               if(cnt_fork==2)
  115   2               
  116   2               enter_forks_speed = 65;
  117   2               
  118   2               if(cnt_fork == 1)
  119   2               
  120   2               enter_forks_speed = 65;
  121   2               
  122   2               in_left_speed = 75;
  123   2      
C251 COMPILER V5.60.0,  switch                                                             07/10/22  19:46:42  PAGE 3   

  124   2               in_right_speed = 82;
  125   2      
  126   2               in_normall_speed = 75;
  127   2      
  128   2               in_cir_speed = 75;
  129   2          }
  130   1          
  131   1          else if(P70 == 0 && P71 == 1 && P72 == 0 && P73 == 1)
  132   1          {
  133   2               if(cnt_fork==2)
  134   2               
  135   2               enter_forks_speed = 65;
  136   2               
  137   2               if(cnt_fork == 1)
  138   2               
  139   2               enter_forks_speed = 65;
  140   2               
  141   2               in_left_speed = 72;
  142   2      
  143   2               in_right_speed = 72;
  144   2      
  145   2               in_normall_speed = 72;
  146   2      
  147   2               in_cir_speed = 69;
  148   2          }
  149   1          
  150   1          else if(P70 == 1 && P71 == 0 && P72 == 0 && P73 == 1)
  151   1          {
  152   2                if(cnt_fork==2)
  153   2               
  154   2               enter_forks_speed = 65;
  155   2               
  156   2               if(cnt_fork == 1)
  157   2               
  158   2               enter_forks_speed = 68;
  159   2               
  160   2               in_left_speed = 76;
  161   2      
  162   2               in_right_speed = 76;
  163   2      
  164   2               in_normall_speed = 76;
  165   2      
  166   2               in_cir_speed = 76;
  167   2          }
  168   1          
  169   1          else
  170   1          {
  171   2               if(cnt_fork==2)
  172   2               
  173   2               enter_forks_speed = 67;
  174   2               
  175   2               if(cnt_fork == 1)
  176   2               
  177   2               enter_forks_speed = 67;
  178   2               
  179   2               in_left_speed = 77;
  180   2      
  181   2               in_right_speed = 81;
  182   2      
  183   2               in_normall_speed = 79;
  184   2      
  185   2               in_cir_speed = 72;
  186   2          }
  187   1      
  188   1      
  189   1      
C251 COMPILER V5.60.0,  switch                                                             07/10/22  19:46:42  PAGE 4   

  190   1      }


Module Information          Static   Overlayable
------------------------------------------------
  code size            =       689     ------
  ecode size           =    ------     ------
  data size            =    ------     ------
  idata size           =    ------     ------
  pdata size           =    ------     ------
  xdata size           =    ------     ------
  xdata-const size     =    ------     ------
  edata size           =        10     ------
  bit size             =    ------     ------
  ebit size            =    ------     ------
  bitaddressable size  =    ------     ------
  ebitaddressable size =    ------     ------
  far data size        =    ------     ------
  huge data size       =    ------     ------
  const size           =    ------     ------
  hconst size          =        18     ------
End of Module Information.


C251 COMPILATION COMPLETE.  0 WARNING(S),  0 ERROR(S)
